TN:
SF:src/App.tsx
FN:19,App
FNF:1
FNH:0
FNDA:0,App
DA:20,0
LF:1
LH:0
BRF:0
BRH:0
end_of_record
TN:
SF:src/main.tsx
FNF:0
FNH:0
DA:6,0
DA:7,0
DA:8,0
LF:3
LH:0
BRDA:7,0,0,0
BRDA:7,0,1,0
BRF:2
BRH:0
end_of_record
TN:
SF:src/components/layout/Footer.tsx
FN:1,Footer
FNF:1
FNH:1
FNDA:3,Footer
DA:2,3
LF:1
LH:1
BRF:0
BRH:0
end_of_record
TN:
SF:src/components/layout/Header.tsx
FN:4,Header
FNF:1
FNH:1
FNDA:5,Header
DA:5,5
LF:1
LH:1
BRF:0
BRH:0
end_of_record
TN:
SF:src/components/shared/FormError.tsx
FN:7,FormError
FNF:1
FNH:1
FNDA:11,FormError
DA:8,11
LF:1
LH:1
BRF:0
BRH:0
end_of_record
TN:
SF:src/components/shared/ImageWithFallback.tsx
FN:6,ImageWithFallback
FN:9,(anonymous_1)
FNF:2
FNH:1
FNDA:9,ImageWithFallback
FNDA:0,(anonymous_1)
DA:4,3
DA:7,9
DA:9,9
DA:10,0
DA:13,9
DA:15,9
LF:6
LH:5
BRDA:15,0,0,0
BRDA:15,0,1,9
BRDA:17,1,0,0
BRDA:17,1,1,0
BRF:4
BRH:1
end_of_record
TN:
SF:src/components/ui/badge.tsx
FN:28,Badge
FNF:1
FNH:1
FNDA:11,Badge
DA:7,4
DA:35,11
DA:37,11
LF:3
LH:3
BRDA:31,0,0,11
BRDA:35,1,0,1
BRDA:35,1,1,10
BRF:3
BRH:3
end_of_record
TN:
SF:src/components/ui/button.tsx
FN:37,Button
FNF:1
FNH:1
FNDA:23,Button
DA:7,4
DA:47,23
DA:49,23
LF:3
LH:3
BRDA:41,0,0,23
BRDA:47,1,0,1
BRDA:47,1,1,22
BRF:3
BRH:3
end_of_record
TN:
SF:src/components/ui/card.tsx
FN:5,Card
FN:18,CardHeader
FN:31,CardTitle
FN:43,CardDescription
FN:53,CardAction
FN:66,CardContent
FN:76,CardFooter
FNF:7
FNH:7
FNDA:7,Card
FNDA:1,CardHeader
FNDA:1,CardTitle
FNDA:1,CardDescription
FNDA:1,CardAction
FNDA:7,CardContent
FNDA:1,CardFooter
DA:6,7
DA:19,1
DA:32,1
DA:44,1
DA:54,1
DA:67,7
DA:77,1
LF:7
LH:7
BRF:0
BRH:0
end_of_record
TN:
SF:src/components/ui/dialog.tsx
FN:9,Dialog
FN:15,DialogTrigger
FN:21,DialogPortal
FN:27,DialogClose
FN:33,DialogOverlay
FN:49,DialogContent
FN:75,DialogHeader
FN:85,DialogFooter
FN:98,DialogTitle
FN:111,DialogDescription
FNF:10
FNH:10
FNDA:122,Dialog
FNDA:1,DialogTrigger
FNDA:121,DialogPortal
FNDA:1,DialogClose
FNDA:2,DialogOverlay
FNDA:121,DialogContent
FNDA:1,DialogHeader
FNDA:1,DialogFooter
FNDA:1,DialogTitle
FNDA:1,DialogDescription
DA:1,8
DA:12,122
DA:18,1
DA:24,121
DA:30,1
DA:37,2
DA:54,121
DA:76,1
DA:86,1
DA:102,1
DA:115,1
LF:11
LH:11
BRF:0
BRH:0
end_of_record
TN:
SF:src/components/ui/input.tsx
FN:5,Input
FNF:1
FNH:1
FNDA:10,Input
DA:6,10
LF:1
LH:1
BRF:0
BRH:0
end_of_record
TN:
SF:src/components/ui/select.tsx
FN:13,Select
FN:19,SelectGroup
FN:25,SelectValue
FN:31,SelectTrigger
FN:57,SelectContent
FN:92,SelectLabel
FN:105,SelectItem
FN:129,SelectSeparator
FN:142,SelectScrollUpButton
FN:160,SelectScrollDownButton
FNF:10
FNH:7
FNDA:7,Select
FNDA:0,SelectGroup
FNDA:7,SelectValue
FNDA:7,SelectTrigger
FNDA:7,SelectContent
FNDA:0,SelectLabel
FNDA:19,SelectItem
FNDA:0,SelectSeparator
FNDA:7,SelectScrollUpButton
FNDA:7,SelectScrollDownButton
DA:1,3
DA:16,7
DA:22,0
DA:28,7
DA:39,7
DA:63,7
DA:96,0
DA:110,19
DA:133,0
DA:146,7
DA:164,7
LF:11
LH:8
BRDA:33,0,0,7
BRDA:60,1,0,7
BRDA:69,2,0,7
BRDA:69,2,1,7
BRDA:80,3,0,7
BRDA:80,3,1,7
BRF:6
BRH:6
end_of_record
TN:
SF:src/components/ui/utils.ts
FN:4,cn
FNF:1
FNH:1
FNDA:248,cn
DA:5,248
LF:1
LH:1
BRF:0
BRH:0
end_of_record
TN:
SF:src/features/adopter/components/AdopterRegistrationForm.tsx
FN:15,AdopterRegistrationForm
FN:48,(anonymous_1)
FN:49,(anonymous_2)
FN:52,(anonymous_3)
FN:56,(anonymous_4)
FN:59,(anonymous_5)
FN:81,(anonymous_6)
FN:102,(anonymous_7)
FN:167,(anonymous_8)
FN:192,(anonymous_9)
FN:224,(anonymous_10)
FN:248,(anonymous_11)
FN:271,(anonymous_12)
FN:298,(anonymous_13)
FN:324,(anonymous_14)
FN:347,(anonymous_15)
FN:380,(anonymous_16)
FN:407,(anonymous_17)
FNF:18
FNH:9
FNDA:19,AdopterRegistrationForm
FNDA:4,(anonymous_1)
FNDA:4,(anonymous_2)
FNDA:7,(anonymous_3)
FNDA:7,(anonymous_4)
FNDA:0,(anonymous_5)
FNDA:0,(anonymous_6)
FNDA:0,(anonymous_7)
FNDA:1,(anonymous_8)
FNDA:1,(anonymous_9)
FNDA:1,(anonymous_10)
FNDA:1,(anonymous_11)
FNDA:0,(anonymous_12)
FNDA:0,(anonymous_13)
FNDA:0,(anonymous_14)
FNDA:0,(anonymous_15)
FNDA:0,(anonymous_16)
FNDA:0,(anonymous_17)
DA:17,19
DA:27,19
DA:37,19
DA:38,19
DA:39,19
DA:40,19
DA:44,19
DA:45,19
DA:46,19
DA:48,19
DA:49,4
DA:52,19
DA:55,7
DA:56,7
DA:59,19
DA:60,0
DA:70,0
DA:81,19
DA:82,0
DA:91,0
DA:102,19
DA:103,0
DA:105,0
DA:106,0
DA:109,0
DA:110,0
DA:111,0
DA:121,0
DA:122,0
DA:123,0
DA:125,0
DA:127,0
DA:129,0
DA:130,0
DA:132,0
DA:136,19
DA:167,1
DA:192,1
DA:224,1
DA:248,1
DA:271,0
DA:298,0
DA:324,0
DA:347,0
DA:381,0
DA:382,0
DA:408,0
DA:409,0
LF:48
LH:22
BRDA:44,0,0,19
BRDA:44,0,1,5
BRDA:71,1,0,0
BRDA:71,1,1,0
BRDA:71,1,2,0
BRDA:71,1,3,0
BRDA:71,1,4,0
BRDA:71,1,5,0
BRDA:71,1,6,0
BRDA:105,2,0,0
BRDA:105,2,1,0
BRDA:127,3,0,0
BRDA:127,3,1,0
BRDA:170,4,0,1
BRDA:170,4,1,18
BRDA:170,5,0,19
BRDA:170,5,1,1
BRDA:176,6,0,19
BRDA:176,6,1,1
BRDA:176,6,2,1
BRDA:195,7,0,1
BRDA:195,7,1,18
BRDA:195,8,0,19
BRDA:195,8,1,1
BRDA:201,9,0,19
BRDA:201,9,1,3
BRDA:209,10,0,19
BRDA:209,10,1,1
BRDA:209,10,2,1
BRDA:227,11,0,1
BRDA:227,11,1,18
BRDA:227,12,0,19
BRDA:227,12,1,1
BRDA:233,13,0,19
BRDA:233,13,1,1
BRDA:233,13,2,1
BRDA:251,14,0,1
BRDA:251,14,1,18
BRDA:251,15,0,19
BRDA:251,15,1,1
BRDA:257,16,0,19
BRDA:257,16,1,1
BRDA:257,16,2,1
BRDA:273,17,0,0
BRDA:273,17,1,19
BRDA:273,18,0,19
BRDA:273,18,1,0
BRDA:284,19,0,19
BRDA:284,19,1,0
BRDA:284,19,2,0
BRDA:300,20,0,0
BRDA:300,20,1,19
BRDA:300,21,0,19
BRDA:300,21,1,0
BRDA:310,22,0,19
BRDA:310,22,1,0
BRDA:310,22,2,0
BRDA:326,23,0,0
BRDA:326,23,1,19
BRDA:326,24,0,19
BRDA:326,24,1,0
BRDA:336,25,0,19
BRDA:336,25,1,0
BRDA:336,25,2,0
BRDA:357,26,0,0
BRDA:357,26,1,19
BRF:66
BRH:42
end_of_record
TN:
SF:src/features/adoption/components/AdoptionRegistrationForm.tsx
FN:15,AdoptionRegistrationForm
FN:40,(anonymous_1)
FN:41,(anonymous_2)
FN:44,(anonymous_3)
FN:48,(anonymous_4)
FN:51,(anonymous_5)
FN:119,(anonymous_6)
FN:164,(anonymous_7)
FN:192,(anonymous_8)
FN:223,(anonymous_9)
FN:256,(anonymous_10)
FN:283,(anonymous_11)
FNF:12
FNH:6
FNDA:9,AdoptionRegistrationForm
FNDA:3,(anonymous_1)
FNDA:3,(anonymous_2)
FNDA:0,(anonymous_3)
FNDA:0,(anonymous_4)
FNDA:0,(anonymous_5)
FNDA:1,(anonymous_6)
FNDA:1,(anonymous_7)
FNDA:1,(anonymous_8)
FNDA:0,(anonymous_9)
FNDA:0,(anonymous_10)
FNDA:0,(anonymous_11)
DA:17,9
DA:24,9
DA:30,9
DA:31,9
DA:32,9
DA:33,9
DA:36,9
DA:37,9
DA:38,9
DA:40,9
DA:41,3
DA:44,9
DA:47,0
DA:48,0
DA:51,9
DA:52,0
DA:55,0
DA:57,0
DA:58,0
DA:61,0
DA:62,0
DA:63,0
DA:70,0
DA:71,0
DA:74,0
DA:75,0
DA:77,0
DA:79,0
DA:81,0
DA:82,0
DA:84,0
DA:88,9
DA:119,1
DA:164,1
DA:192,1
DA:223,0
DA:257,0
DA:258,0
DA:284,0
DA:285,0
LF:40
LH:17
BRDA:36,0,0,9
BRDA:36,0,1,0
BRDA:37,1,0,9
BRDA:37,1,1,0
BRDA:57,2,0,0
BRDA:57,2,1,0
BRDA:57,3,0,0
BRDA:57,3,1,0
BRDA:57,3,2,0
BRDA:79,4,0,0
BRDA:79,4,1,0
BRDA:121,5,0,1
BRDA:121,5,1,8
BRDA:121,6,0,9
BRDA:121,6,1,1
BRDA:127,7,0,9
BRDA:127,7,1,1
BRDA:127,7,2,1
BRDA:167,8,0,1
BRDA:167,8,1,8
BRDA:167,9,0,9
BRDA:167,9,1,1
BRDA:173,10,0,9
BRDA:173,10,1,1
BRDA:173,10,2,1
BRDA:195,11,0,1
BRDA:195,11,1,8
BRDA:195,12,0,9
BRDA:195,12,1,1
BRDA:201,13,0,9
BRDA:201,13,1,1
BRDA:201,13,2,1
BRDA:233,14,0,0
BRDA:233,14,1,9
BRF:34
BRH:24
end_of_record
TN:
SF:src/features/pet-inventory/components/PetCard.tsx
FN:12,PetCard
FNF:1
FNH:1
FNDA:7,PetCard
DA:13,7
LF:1
LH:1
BRDA:31,0,0,1
BRDA:31,0,1,6
BRDA:38,1,0,7
BRDA:38,1,1,1
BRF:4
BRH:4
end_of_record
TN:
SF:src/features/pet-inventory/components/SidebarPetFilter.tsx
FN:5,Sidebar
FN:7,(anonymous_1)
FN:12,(anonymous_2)
FNF:3
FNH:3
FNDA:4,Sidebar
FNDA:1,(anonymous_1)
FNDA:1,(anonymous_2)
DA:7,4
DA:8,1
DA:9,1
DA:12,4
DA:13,1
DA:14,1
DA:17,4
LF:7
LH:7
BRDA:9,0,0,0
BRDA:9,0,1,1
BRDA:14,1,0,0
BRDA:14,1,1,1
BRF:4
BRH:2
end_of_record
TN:
SF:src/features/trial-cohabitation/components/TrialCohabitationUpdateForm.tsx
FN:17,TrialCohabitationUpdateForm
FN:52,(anonymous_1)
FN:75,(anonymous_2)
FN:79,(anonymous_3)
FN:137,(anonymous_4)
FN:215,(anonymous_5)
FN:248,(anonymous_6)
FN:285,(anonymous_7)
FN:309,(anonymous_8)
FNF:9
FNH:3
FNDA:17,TrialCohabitationUpdateForm
FNDA:4,(anonymous_1)
FNDA:0,(anonymous_2)
FNDA:0,(anonymous_3)
FNDA:3,(anonymous_4)
FNDA:0,(anonymous_5)
FNDA:0,(anonymous_6)
FNDA:0,(anonymous_7)
FNDA:0,(anonymous_8)
DA:19,17
DA:20,17
DA:21,17
DA:24,17
DA:27,17
DA:30,17
DA:31,17
DA:32,17
DA:33,17
DA:36,17
DA:44,17
DA:52,17
DA:53,4
DA:54,1
DA:55,1
DA:57,3
DA:58,3
DA:59,3
DA:60,3
DA:61,3
DA:62,2
DA:63,2
DA:65,1
DA:71,3
DA:75,17
DA:76,0
DA:79,17
DA:80,0
DA:81,0
DA:83,0
DA:84,0
DA:87,0
DA:92,0
DA:93,0
DA:94,0
DA:95,0
DA:96,0
DA:98,0
DA:100,0
DA:102,0
DA:103,0
DA:105,0
DA:109,17
DA:137,3
DA:215,0
DA:249,0
DA:250,0
DA:285,0
DA:310,0
DA:311,0
LF:50
LH:28
BRDA:53,0,0,1
BRDA:53,0,1,3
BRDA:53,1,0,4
BRDA:53,1,1,3
BRDA:63,2,0,2
BRDA:63,2,1,0
BRDA:66,3,0,1
BRDA:66,3,1,0
BRDA:76,4,0,0
BRDA:76,4,1,0
BRDA:81,5,0,0
BRDA:81,5,1,0
BRDA:100,6,0,0
BRDA:100,6,1,0
BRDA:141,7,0,2
BRDA:141,7,1,15
BRDA:154,8,0,3
BRDA:154,8,1,14
BRDA:157,9,0,17
BRDA:157,9,1,2
BRDA:166,10,0,17
BRDA:166,10,1,2
BRDA:200,11,0,2
BRDA:200,11,1,0
BRDA:203,12,0,2
BRDA:203,12,1,0
BRDA:231,13,0,2
BRDA:231,13,1,0
BRDA:231,14,0,2
BRDA:231,14,1,0
BRDA:236,15,0,0
BRDA:236,15,1,0
BRDA:261,16,0,0
BRDA:261,16,1,2
BRF:34
BRH:19
end_of_record
TN:
SF:src/features/veterinarian/components/VetSidebar.tsx
FN:17,VetSidebar
FN:22,(anonymous_1)
FN:27,(anonymous_2)
FNF:3
FNH:3
FNDA:6,VetSidebar
FNDA:36,(anonymous_1)
FNDA:1,(anonymous_2)
DA:8,2
DA:18,6
DA:23,36
DA:24,36
DA:27,1
LF:5
LH:5
BRDA:29,0,0,6
BRDA:29,0,1,30
BRF:2
BRH:2
end_of_record
TN:
SF:src/features/veterinarian/components/VeterinarianCard.tsx
FN:11,VeterinarianCard
FNF:1
FNH:1
FNDA:6,VeterinarianCard
DA:12,6
LF:1
LH:1
BRDA:27,0,0,6
BRDA:27,0,1,1
BRF:2
BRH:2
end_of_record
TN:
SF:src/features/veterinarian/components/VeterinaryDirectory.tsx
FN:13,VeterinaryDirectory
FN:20,(anonymous_1)
FN:21,(anonymous_2)
FN:37,(anonymous_3)
FN:88,(anonymous_4)
FN:117,(anonymous_5)
FNF:6
FNH:6
FNDA:15,VeterinaryDirectory
FNDA:8,(anonymous_1)
FNDA:8,(anonymous_2)
FNDA:8,(anonymous_3)
FNDA:1,(anonymous_4)
FNDA:5,(anonymous_5)
DA:14,15
DA:15,15
DA:16,15
DA:17,15
DA:18,15
DA:20,15
DA:21,8
DA:22,8
DA:23,8
DA:24,8
DA:25,6
DA:26,6
DA:28,1
DA:30,7
DA:34,8
DA:37,15
DA:39,8
DA:44,8
DA:48,8
DA:52,8
DA:55,15
DA:56,8
DA:63,7
DA:64,1
DA:73,6
DA:88,1
DA:118,5
LF:27
LH:27
BRDA:39,0,0,8
BRDA:39,0,1,2
BRDA:39,0,2,2
BRDA:44,1,0,8
BRDA:44,1,1,3
BRDA:48,2,0,8
BRDA:48,2,1,0
BRDA:48,2,2,0
BRDA:48,2,3,0
BRDA:48,2,4,0
BRDA:52,3,0,8
BRDA:52,3,1,7
BRDA:52,3,2,5
BRDA:55,4,0,8
BRDA:55,4,1,7
BRDA:63,5,0,1
BRDA:63,5,1,6
BRDA:111,6,0,3
BRDA:111,6,1,3
BRDA:116,7,0,4
BRDA:116,7,1,2
BRF:21
BRH:17
end_of_record
TN:
SF:src/pages/AdopterRegistrationPage.tsx
FN:4,(anonymous_0)
FNF:1
FNH:1
FNDA:1,(anonymous_0)
DA:4,1
DA:5,1
LF:2
LH:2
BRF:0
BRH:0
end_of_record
TN:
SF:src/pages/AdoptionRegistrationPage.tsx
FN:4,(anonymous_0)
FNF:1
FNH:1
FNDA:1,(anonymous_0)
DA:4,1
DA:5,1
LF:2
LH:2
BRF:0
BRH:0
end_of_record
TN:
SF:src/pages/LandingPage.tsx
FN:5,(anonymous_0)
FN:69,(anonymous_1)
FN:72,(anonymous_2)
FNF:3
FNH:2
FNDA:4,(anonymous_0)
FNDA:24,(anonymous_1)
FNDA:0,(anonymous_2)
DA:5,1
DA:6,4
DA:8,4
DA:59,4
DA:70,24
DA:72,0
LF:6
LH:5
BRDA:72,0,0,0
BRDA:72,0,1,0
BRDA:76,1,0,24
BRDA:76,1,1,0
BRDA:84,2,0,24
BRDA:84,2,1,24
BRF:6
BRH:3
end_of_record
TN:
SF:src/pages/PetHomePage.tsx
FN:8,(anonymous_0)
FN:15,(anonymous_1)
FN:16,(anonymous_2)
FN:31,(anonymous_3)
FN:32,(anonymous_4)
FN:70,(anonymous_5)
FNF:6
FNH:3
FNDA:1,(anonymous_0)
FNDA:1,(anonymous_1)
FNDA:1,(anonymous_2)
FNDA:0,(anonymous_3)
FNDA:0,(anonymous_4)
FNDA:0,(anonymous_5)
DA:8,1
DA:9,1
DA:10,1
DA:11,1
DA:13,1
DA:15,1
DA:16,1
DA:17,1
DA:18,1
DA:19,1
DA:20,1
DA:21,1
DA:23,0
DA:25,1
DA:28,1
DA:31,1
DA:32,0
DA:35,1
DA:71,0
LF:19
LH:16
BRDA:50,0,0,1
BRDA:50,0,1,1
BRDA:56,1,0,1
BRDA:56,1,1,0
BRDA:62,2,0,1
BRDA:62,2,1,0
BRDA:62,2,2,0
BRDA:62,2,3,0
BRDA:77,3,0,0
BRDA:77,3,1,0
BRF:10
BRH:4
end_of_record
TN:
SF:src/pages/ShelterRegistrationPage.tsx
FN:15,(anonymous_0)
FN:43,(anonymous_1)
FN:47,(anonymous_2)
FN:48,(anonymous_3)
FN:59,(anonymous_4)
FN:60,(anonymous_5)
FN:71,(anonymous_6)
FN:75,(anonymous_7)
FN:87,(anonymous_8)
FN:174,(anonymous_9)
FN:288,(anonymous_10)
FN:319,(anonymous_11)
FN:345,(anonymous_12)
FNF:13
FNH:7
FNDA:15,(anonymous_0)
FNDA:0,(anonymous_1)
FNDA:2,(anonymous_2)
FNDA:2,(anonymous_3)
FNDA:2,(anonymous_4)
FNDA:2,(anonymous_5)
FNDA:4,(anonymous_6)
FNDA:4,(anonymous_7)
FNDA:0,(anonymous_8)
FNDA:0,(anonymous_9)
FNDA:0,(anonymous_10)
FNDA:0,(anonymous_11)
FNDA:0,(anonymous_12)
DA:15,1
DA:16,15
DA:17,15
DA:25,15
DA:31,15
DA:32,15
DA:33,15
DA:34,15
DA:35,15
DA:36,15
DA:37,15
DA:38,15
DA:40,15
DA:41,15
DA:43,15
DA:44,0
DA:47,15
DA:48,2
DA:49,2
DA:50,1
DA:51,1
DA:53,1
DA:54,1
DA:55,1
DA:56,1
DA:59,15
DA:60,2
DA:61,2
DA:62,1
DA:63,1
DA:65,1
DA:66,1
DA:67,1
DA:68,1
DA:71,15
DA:72,4
DA:73,4
DA:75,4
DA:79,4
DA:80,1
DA:82,4
DA:83,2
DA:87,15
DA:88,0
DA:91,0
DA:92,0
DA:95,0
DA:96,0
DA:97,0
DA:100,0
DA:101,0
DA:102,0
DA:103,0
DA:104,0
DA:105,0
DA:112,0
DA:114,0
DA:115,0
DA:119,0
DA:120,0
DA:122,0
DA:125,15
DA:174,0
DA:288,0
DA:320,0
DA:321,0
DA:346,0
DA:347,0
LF:68
LH:43
BRDA:41,0,0,15
BRDA:41,0,1,6
BRDA:49,1,0,1
BRDA:49,1,1,1
BRDA:61,2,0,1
BRDA:61,2,1,1
BRDA:73,3,0,0
BRDA:73,3,1,4
BRDA:73,4,0,4
BRDA:73,4,1,0
BRDA:79,5,0,1
BRDA:79,5,1,3
BRDA:82,6,0,2
BRDA:82,6,1,2
BRDA:91,7,0,0
BRDA:91,7,1,0
BRDA:91,8,0,0
BRDA:91,8,1,0
BRDA:95,9,0,0
BRDA:95,9,1,0
BRDA:95,10,0,0
BRDA:95,10,1,0
BRDA:95,10,2,0
BRDA:149,11,0,1
BRDA:149,11,1,14
BRDA:149,12,0,15
BRDA:149,12,1,4
BRDA:149,12,2,14
BRDA:155,13,0,15
BRDA:155,13,1,2
BRDA:158,14,0,15
BRDA:158,14,1,0
BRDA:161,15,0,15
BRDA:161,15,1,4
BRDA:161,15,2,1
BRDA:176,16,0,0
BRDA:176,16,1,15
BRDA:176,17,0,15
BRDA:176,17,1,0
BRDA:194,18,0,15
BRDA:194,18,1,0
BRDA:194,18,2,0
BRDA:212,19,0,1
BRDA:212,19,1,14
BRDA:212,20,0,15
BRDA:212,20,1,3
BRDA:212,20,2,14
BRDA:218,21,0,15
BRDA:218,21,1,1
BRDA:221,22,0,15
BRDA:221,22,1,4
BRDA:221,22,2,4
BRDA:229,23,0,15
BRDA:229,23,1,0
BRDA:232,24,0,15
BRDA:232,24,1,3
BRDA:232,24,2,1
BRDA:298,25,0,0
BRDA:298,25,1,15
BRF:59
BRH:41
end_of_record
TN:
SF:src/pages/TrialCohabitationUpdatePage.tsx
FN:4,(anonymous_0)
FNF:1
FNH:1
FNDA:1,(anonymous_0)
DA:4,1
DA:5,1
LF:2
LH:2
BRF:0
BRH:0
end_of_record
TN:
SF:src/pages/VeterinarianDirectoryPage.tsx
FN:7,VeterinarianDirectoryPage
FNF:1
FNH:1
FNDA:2,VeterinarianDirectoryPage
DA:8,2
DA:10,2
LF:2
LH:2
BRF:0
BRH:0
end_of_record
TN:
SF:src/services/adopterService.ts
FN:11,(anonymous_0)
FN:20,(anonymous_1)
FN:29,(anonymous_2)
FNF:3
FNH:3
FNDA:1,(anonymous_0)
FNDA:1,(anonymous_1)
FNDA:1,(anonymous_2)
DA:4,3
DA:5,3
DA:11,3
DA:12,1
DA:13,1
DA:20,3
DA:21,1
DA:22,1
DA:29,3
DA:30,1
DA:31,1
LF:11
LH:11
BRDA:4,0,0,3
BRDA:4,0,1,3
BRF:2
BRH:2
end_of_record
TN:
SF:src/services/adoptionService.ts
FN:11,(anonymous_0)
FN:20,(anonymous_1)
FN:29,(anonymous_2)
FNF:3
FNH:3
FNDA:1,(anonymous_0)
FNDA:1,(anonymous_1)
FNDA:1,(anonymous_2)
DA:4,3
DA:5,3
DA:11,3
DA:12,1
DA:13,1
DA:20,3
DA:21,1
DA:22,1
DA:29,3
DA:30,1
DA:31,1
LF:11
LH:11
BRDA:4,0,0,3
BRDA:4,0,1,3
BRF:2
BRH:2
end_of_record
TN:
SF:src/services/petService.ts
FN:13,(anonymous_0)
FNF:1
FNH:1
FNDA:2,(anonymous_0)
DA:4,2
DA:5,2
DA:13,2
DA:15,2
DA:21,2
LF:5
LH:5
BRDA:4,0,0,2
BRDA:4,0,1,2
BRF:2
BRH:2
end_of_record
TN:
SF:src/services/shelterService.ts
FN:7,(anonymous_0)
FN:12,(anonymous_1)
FN:22,(anonymous_2)
FNF:3
FNH:3
FNDA:1,(anonymous_0)
FNDA:3,(anonymous_1)
FNDA:3,(anonymous_2)
DA:4,2
DA:5,2
DA:7,2
DA:8,1
DA:9,1
DA:12,2
DA:13,3
DA:14,3
DA:15,2
DA:17,1
DA:18,1
DA:22,2
DA:23,3
DA:24,3
DA:25,2
DA:27,1
DA:28,1
LF:17
LH:17
BRDA:4,0,0,2
BRDA:4,0,1,2
BRF:2
BRH:2
end_of_record
TN:
SF:src/services/trialCohabitationService.ts
FN:11,(anonymous_0)
FN:20,(anonymous_1)
FN:30,(anonymous_2)
FNF:3
FNH:3
FNDA:1,(anonymous_0)
FNDA:1,(anonymous_1)
FNDA:1,(anonymous_2)
DA:4,3
DA:5,3
DA:11,3
DA:12,1
DA:13,1
DA:20,3
DA:21,1
DA:22,1
DA:30,3
DA:34,1
DA:35,1
LF:11
LH:11
BRDA:4,0,0,3
BRDA:4,0,1,3
BRF:2
BRH:2
end_of_record
TN:
SF:src/services/veterinarianService.ts
FN:7,(anonymous_0)
FN:12,(anonymous_1)
FNF:2
FNH:2
FNDA:1,(anonymous_0)
FNDA:1,(anonymous_1)
DA:4,3
DA:5,3
DA:7,3
DA:8,1
DA:9,1
DA:12,3
DA:13,1
DA:14,1
LF:8
LH:8
BRDA:4,0,0,3
BRDA:4,0,1,3
BRF:2
BRH:2
end_of_record
TN:
SF:src/types/adopter.ts
FNF:0
FNH:0
LF:0
LH:0
BRF:0
BRH:0
end_of_record
TN:
SF:src/types/adoption.ts
FNF:0
FNH:0
LF:0
LH:0
BRF:0
BRH:0
end_of_record
TN:
SF:src/types/pet.ts
FNF:0
FNH:0
LF:0
LH:0
BRF:0
BRH:0
end_of_record
TN:
SF:src/types/shelter.ts
FNF:0
FNH:0
LF:0
LH:0
BRF:0
BRH:0
end_of_record
TN:
SF:src/types/trialCohabitation.ts
FNF:0
FNH:0
LF:0
LH:0
BRF:0
BRH:0
end_of_record
TN:
SF:src/types/veterinarian.ts
FNF:0
FNH:0
LF:0
LH:0
BRF:0
BRH:0
end_of_record
