TN:
SF:src/App.tsx
FN:19,App
FNF:1
FNH:1
FNDA:2,App
DA:20,2
LF:1
LH:1
BRF:0
BRH:0
end_of_record
TN:
SF:src/main.tsx
FNF:0
FNH:0
DA:6,2
DA:7,2
DA:8,1
LF:3
LH:3
BRDA:7,0,0,1
BRDA:7,0,1,1
BRF:2
BRH:2
end_of_record
TN:
SF:src/components/layout/Footer.tsx
FN:1,Footer
FNF:1
FNH:1
FNDA:3,Footer
DA:2,3
LF:1
LH:1
BRF:0
BRH:0
end_of_record
TN:
SF:src/components/layout/Header.tsx
FN:4,Header
FNF:1
FNH:1
FNDA:20,Header
DA:5,20
LF:1
LH:1
BRF:0
BRH:0
end_of_record
TN:
SF:src/components/shared/FormError.tsx
FN:7,FormError
FNF:1
FNH:1
FNDA:13,FormError
DA:8,13
LF:1
LH:1
BRF:0
BRH:0
end_of_record
TN:
SF:src/components/shared/ImageWithFallback.tsx
FN:6,ImageWithFallback
FN:9,(anonymous_1)
FNF:2
FNH:2
FNDA:13,ImageWithFallback
FNDA:2,(anonymous_1)
DA:4,4
DA:7,13
DA:9,13
DA:10,2
DA:13,13
DA:15,13
LF:6
LH:6
BRDA:15,0,0,2
BRDA:15,0,1,11
BRDA:17,1,0,2
BRDA:17,1,1,1
BRF:4
BRH:4
end_of_record
TN:
SF:src/components/ui/badge.tsx
FN:28,Badge
FNF:1
FNH:1
FNDA:11,Badge
DA:7,5
DA:35,11
DA:37,11
LF:3
LH:3
BRDA:31,0,0,11
BRDA:35,1,0,1
BRDA:35,1,1,10
BRF:3
BRH:3
end_of_record
TN:
SF:src/components/ui/button.tsx
FN:37,Button
FNF:1
FNH:1
FNDA:23,Button
DA:7,5
DA:47,23
DA:49,23
LF:3
LH:3
BRDA:41,0,0,23
BRDA:47,1,0,1
BRDA:47,1,1,22
BRF:3
BRH:3
end_of_record
TN:
SF:src/components/ui/card.tsx
FN:5,Card
FN:18,CardHeader
FN:31,CardTitle
FN:43,CardDescription
FN:53,CardAction
FN:66,CardContent
FN:76,CardFooter
FNF:7
FNH:7
FNDA:7,Card
FNDA:1,CardHeader
FNDA:1,CardTitle
FNDA:1,CardDescription
FNDA:1,CardAction
FNDA:7,CardContent
FNDA:1,CardFooter
DA:6,7
DA:19,1
DA:32,1
DA:44,1
DA:54,1
DA:67,7
DA:77,1
LF:7
LH:7
BRF:0
BRH:0
end_of_record
TN:
SF:src/components/ui/dialog.tsx
FN:9,Dialog
FN:15,DialogTrigger
FN:21,DialogPortal
FN:27,DialogClose
FN:33,DialogOverlay
FN:49,DialogContent
FN:75,DialogHeader
FN:85,DialogFooter
FN:98,DialogTitle
FN:111,DialogDescription
FNF:10
FNH:10
FNDA:288,Dialog
FNDA:1,DialogTrigger
FNDA:287,DialogPortal
FNDA:1,DialogClose
FNDA:28,DialogOverlay
FNDA:287,DialogContent
FNDA:18,DialogHeader
FNDA:18,DialogFooter
FNDA:18,DialogTitle
FNDA:18,DialogDescription
DA:1,9
DA:12,288
DA:18,1
DA:24,287
DA:30,1
DA:37,28
DA:54,287
DA:76,18
DA:86,18
DA:102,18
DA:115,18
LF:11
LH:11
BRF:0
BRH:0
end_of_record
TN:
SF:src/components/ui/input.tsx
FN:5,Input
FNF:1
FNH:1
FNDA:10,Input
DA:6,10
LF:1
LH:1
BRF:0
BRH:0
end_of_record
TN:
SF:src/components/ui/select.tsx
FN:13,Select
FN:19,SelectGroup
FN:25,SelectValue
FN:31,SelectTrigger
FN:57,SelectContent
FN:92,SelectLabel
FN:105,SelectItem
FN:129,SelectSeparator
FN:142,SelectScrollUpButton
FN:160,SelectScrollDownButton
FNF:10
FNH:7
FNDA:7,Select
FNDA:0,SelectGroup
FNDA:7,SelectValue
FNDA:7,SelectTrigger
FNDA:7,SelectContent
FNDA:0,SelectLabel
FNDA:19,SelectItem
FNDA:0,SelectSeparator
FNDA:7,SelectScrollUpButton
FNDA:7,SelectScrollDownButton
DA:1,4
DA:16,7
DA:22,0
DA:28,7
DA:39,7
DA:63,7
DA:96,0
DA:110,19
DA:133,0
DA:146,7
DA:164,7
LF:11
LH:8
BRDA:33,0,0,7
BRDA:60,1,0,7
BRDA:69,2,0,7
BRDA:69,2,1,7
BRDA:80,3,0,7
BRDA:80,3,1,7
BRF:6
BRH:6
end_of_record
TN:
SF:src/components/ui/utils.ts
FN:4,cn
FNF:1
FNH:1
FNDA:508,cn
DA:5,508
LF:1
LH:1
BRF:0
BRH:0
end_of_record
TN:
SF:src/features/adopter/components/AdopterRegistrationForm.tsx
FN:15,AdopterRegistrationForm
FN:48,(anonymous_1)
FN:49,(anonymous_2)
FN:52,(anonymous_3)
FN:56,(anonymous_4)
FN:59,(anonymous_5)
FN:81,(anonymous_6)
FN:102,(anonymous_7)
FN:167,(anonymous_8)
FN:192,(anonymous_9)
FN:224,(anonymous_10)
FN:248,(anonymous_11)
FN:271,(anonymous_12)
FN:298,(anonymous_13)
FN:324,(anonymous_14)
FN:347,(anonymous_15)
FN:380,(anonymous_16)
FN:407,(anonymous_17)
FNF:18
FNH:15
FNDA:38,AdopterRegistrationForm
FNDA:4,(anonymous_1)
FNDA:4,(anonymous_2)
FNDA:17,(anonymous_3)
FNDA:17,(anonymous_4)
FNDA:2,(anonymous_5)
FNDA:1,(anonymous_6)
FNDA:2,(anonymous_7)
FNDA:1,(anonymous_8)
FNDA:1,(anonymous_9)
FNDA:1,(anonymous_10)
FNDA:1,(anonymous_11)
FNDA:0,(anonymous_12)
FNDA:0,(anonymous_13)
FNDA:0,(anonymous_14)
FNDA:1,(anonymous_15)
FNDA:1,(anonymous_16)
FNDA:1,(anonymous_17)
DA:17,38
DA:27,38
DA:37,38
DA:38,38
DA:39,38
DA:40,38
DA:44,38
DA:45,38
DA:46,38
DA:48,38
DA:49,4
DA:52,38
DA:55,17
DA:56,17
DA:59,38
DA:60,2
DA:70,2
DA:81,38
DA:82,1
DA:91,1
DA:102,38
DA:103,2
DA:105,2
DA:106,0
DA:109,2
DA:110,2
DA:111,2
DA:121,1
DA:122,1
DA:123,1
DA:125,1
DA:127,1
DA:129,1
DA:130,1
DA:132,2
DA:136,38
DA:167,1
DA:192,1
DA:224,1
DA:248,1
DA:271,0
DA:298,0
DA:324,0
DA:347,1
DA:381,1
DA:382,1
DA:408,1
DA:409,1
LF:48
LH:44
BRDA:44,0,0,38
BRDA:44,0,1,18
BRDA:71,1,0,2
BRDA:71,1,1,2
BRDA:71,1,2,2
BRDA:71,1,3,2
BRDA:71,1,4,2
BRDA:71,1,5,2
BRDA:71,1,6,2
BRDA:105,2,0,0
BRDA:105,2,1,2
BRDA:127,3,0,1
BRDA:127,3,1,0
BRDA:170,4,0,1
BRDA:170,4,1,37
BRDA:170,5,0,38
BRDA:170,5,1,5
BRDA:176,6,0,38
BRDA:176,6,1,5
BRDA:176,6,2,1
BRDA:195,7,0,1
BRDA:195,7,1,37
BRDA:195,8,0,38
BRDA:195,8,1,5
BRDA:201,9,0,38
BRDA:201,9,1,16
BRDA:209,10,0,38
BRDA:209,10,1,5
BRDA:209,10,2,1
BRDA:227,11,0,1
BRDA:227,11,1,37
BRDA:227,12,0,38
BRDA:227,12,1,5
BRDA:233,13,0,38
BRDA:233,13,1,5
BRDA:233,13,2,1
BRDA:251,14,0,1
BRDA:251,14,1,37
BRDA:251,15,0,38
BRDA:251,15,1,5
BRDA:257,16,0,38
BRDA:257,16,1,5
BRDA:257,16,2,1
BRDA:273,17,0,0
BRDA:273,17,1,38
BRDA:273,18,0,38
BRDA:273,18,1,4
BRDA:284,19,0,38
BRDA:284,19,1,4
BRDA:284,19,2,0
BRDA:300,20,0,0
BRDA:300,20,1,38
BRDA:300,21,0,38
BRDA:300,21,1,4
BRDA:310,22,0,38
BRDA:310,22,1,4
BRDA:310,22,2,0
BRDA:326,23,0,0
BRDA:326,23,1,38
BRDA:326,24,0,38
BRDA:326,24,1,4
BRDA:336,25,0,38
BRDA:336,25,1,4
BRDA:336,25,2,0
BRDA:357,26,0,2
BRDA:357,26,1,36
BRF:66
BRH:58
end_of_record
TN:
SF:src/features/adoption/components/AdoptionRegistrationForm.tsx
FN:15,AdoptionRegistrationForm
FN:40,(anonymous_1)
FN:41,(anonymous_2)
FN:44,(anonymous_3)
FN:48,(anonymous_4)
FN:51,(anonymous_5)
FN:119,(anonymous_6)
FN:164,(anonymous_7)
FN:192,(anonymous_8)
FN:223,(anonymous_9)
FN:256,(anonymous_10)
FN:283,(anonymous_11)
FNF:12
FNH:12
FNDA:33,AdoptionRegistrationForm
FNDA:3,(anonymous_1)
FNDA:3,(anonymous_2)
FNDA:11,(anonymous_3)
FNDA:11,(anonymous_4)
FNDA:3,(anonymous_5)
FNDA:1,(anonymous_6)
FNDA:1,(anonymous_7)
FNDA:1,(anonymous_8)
FNDA:1,(anonymous_9)
FNDA:1,(anonymous_10)
FNDA:1,(anonymous_11)
DA:17,33
DA:24,33
DA:30,33
DA:31,33
DA:32,33
DA:33,33
DA:36,33
DA:37,33
DA:38,33
DA:40,33
DA:41,3
DA:44,33
DA:47,11
DA:48,11
DA:51,33
DA:52,3
DA:55,3
DA:57,3
DA:58,0
DA:61,3
DA:62,3
DA:63,3
DA:70,1
DA:71,1
DA:74,1
DA:75,1
DA:77,2
DA:79,2
DA:81,2
DA:82,2
DA:84,3
DA:88,33
DA:119,1
DA:164,1
DA:192,1
DA:223,1
DA:257,1
DA:258,1
DA:284,1
DA:285,1
LF:40
LH:39
BRDA:36,0,0,33
BRDA:36,0,1,13
BRDA:37,1,0,33
BRDA:37,1,1,12
BRDA:57,2,0,0
BRDA:57,2,1,3
BRDA:57,3,0,3
BRDA:57,3,1,3
BRDA:57,3,2,3
BRDA:79,4,0,2
BRDA:79,4,1,1
BRDA:121,5,0,1
BRDA:121,5,1,32
BRDA:121,6,0,33
BRDA:121,6,1,7
BRDA:127,7,0,33
BRDA:127,7,1,7
BRDA:127,7,2,1
BRDA:167,8,0,1
BRDA:167,8,1,32
BRDA:167,9,0,33
BRDA:167,9,1,7
BRDA:173,10,0,33
BRDA:173,10,1,7
BRDA:173,10,2,1
BRDA:195,11,0,1
BRDA:195,11,1,32
BRDA:195,12,0,33
BRDA:195,12,1,7
BRDA:201,13,0,33
BRDA:201,13,1,7
BRDA:201,13,2,1
BRDA:233,14,0,3
BRDA:233,14,1,30
BRF:34
BRH:33
end_of_record
TN:
SF:src/features/pet-inventory/components/PetCard.tsx
FN:12,PetCard
FNF:1
FNH:1
FNDA:8,PetCard
DA:13,8
LF:1
LH:1
BRDA:31,0,0,1
BRDA:31,0,1,7
BRDA:38,1,0,8
BRDA:38,1,1,1
BRF:4
BRH:4
end_of_record
TN:
SF:src/features/pet-inventory/components/SidebarPetFilter.tsx
FN:5,Sidebar
FN:7,(anonymous_1)
FN:12,(anonymous_2)
FNF:3
FNH:3
FNDA:19,Sidebar
FNDA:2,(anonymous_1)
FNDA:2,(anonymous_2)
DA:7,19
DA:8,2
DA:9,2
DA:12,19
DA:13,2
DA:14,2
DA:17,19
LF:7
LH:7
BRDA:9,0,0,0
BRDA:9,0,1,2
BRDA:14,1,0,0
BRDA:14,1,1,2
BRF:4
BRH:2
end_of_record
TN:
SF:src/features/trial-cohabitation/components/TrialCohabitationUpdateForm.tsx
FN:17,TrialCohabitationUpdateForm
FN:52,(anonymous_1)
FN:75,(anonymous_2)
FN:79,(anonymous_3)
FN:137,(anonymous_4)
FN:215,(anonymous_5)
FN:248,(anonymous_6)
FN:285,(anonymous_7)
FN:309,(anonymous_8)
FNF:9
FNH:9
FNDA:37,TrialCohabitationUpdateForm
FNDA:7,(anonymous_1)
FNDA:1,(anonymous_2)
FNDA:2,(anonymous_3)
FNDA:6,(anonymous_4)
FNDA:1,(anonymous_5)
FNDA:1,(anonymous_6)
FNDA:1,(anonymous_7)
FNDA:1,(anonymous_8)
DA:19,37
DA:20,37
DA:21,37
DA:24,37
DA:27,37
DA:30,37
DA:31,37
DA:32,37
DA:33,37
DA:36,37
DA:44,37
DA:52,37
DA:53,7
DA:54,1
DA:55,1
DA:57,6
DA:58,6
DA:59,6
DA:60,6
DA:61,6
DA:62,5
DA:63,5
DA:65,1
DA:71,6
DA:75,37
DA:76,1
DA:79,37
DA:80,2
DA:81,2
DA:83,2
DA:84,2
DA:87,2
DA:92,1
DA:93,1
DA:94,1
DA:95,1
DA:96,1
DA:98,1
DA:100,1
DA:102,1
DA:103,1
DA:105,2
DA:109,37
DA:137,6
DA:215,1
DA:249,1
DA:250,1
DA:285,1
DA:310,1
DA:311,1
LF:50
LH:50
BRDA:53,0,0,1
BRDA:53,0,1,6
BRDA:53,1,0,7
BRDA:53,1,1,6
BRDA:63,2,0,5
BRDA:63,2,1,1
BRDA:66,3,0,1
BRDA:66,3,1,0
BRDA:76,4,0,1
BRDA:76,4,1,0
BRDA:81,5,0,0
BRDA:81,5,1,2
BRDA:100,6,0,1
BRDA:100,6,1,0
BRDA:141,7,0,2
BRDA:141,7,1,35
BRDA:154,8,0,6
BRDA:154,8,1,31
BRDA:157,9,0,37
BRDA:157,9,1,2
BRDA:166,10,0,37
BRDA:166,10,1,10
BRDA:200,11,0,10
BRDA:200,11,1,1
BRDA:203,12,0,10
BRDA:203,12,1,1
BRDA:231,13,0,10
BRDA:231,13,1,2
BRDA:231,14,0,10
BRDA:231,14,1,1
BRDA:236,15,0,2
BRDA:236,15,1,0
BRDA:261,16,0,2
BRDA:261,16,1,8
BRF:34
BRH:29
end_of_record
TN:
SF:src/features/veterinarian/components/VetSidebar.tsx
FN:17,VetSidebar
FN:22,(anonymous_1)
FN:27,(anonymous_2)
FNF:3
FNH:3
FNDA:6,VetSidebar
FNDA:36,(anonymous_1)
FNDA:1,(anonymous_2)
DA:8,3
DA:18,6
DA:23,36
DA:24,36
DA:27,1
LF:5
LH:5
BRDA:29,0,0,6
BRDA:29,0,1,30
BRF:2
BRH:2
end_of_record
TN:
SF:src/features/veterinarian/components/VeterinarianCard.tsx
FN:11,VeterinarianCard
FNF:1
FNH:1
FNDA:6,VeterinarianCard
DA:12,6
LF:1
LH:1
BRDA:27,0,0,6
BRDA:27,0,1,1
BRF:2
BRH:2
end_of_record
TN:
SF:src/features/veterinarian/components/VeterinaryDirectory.tsx
FN:13,VeterinaryDirectory
FN:20,(anonymous_1)
FN:21,(anonymous_2)
FN:37,(anonymous_3)
FN:88,(anonymous_4)
FN:117,(anonymous_5)
FNF:6
FNH:6
FNDA:15,VeterinaryDirectory
FNDA:8,(anonymous_1)
FNDA:8,(anonymous_2)
FNDA:8,(anonymous_3)
FNDA:1,(anonymous_4)
FNDA:5,(anonymous_5)
DA:14,15
DA:15,15
DA:16,15
DA:17,15
DA:18,15
DA:20,15
DA:21,8
DA:22,8
DA:23,8
DA:24,8
DA:25,6
DA:26,6
DA:28,1
DA:30,7
DA:34,8
DA:37,15
DA:39,8
DA:44,8
DA:48,8
DA:52,8
DA:55,15
DA:56,8
DA:63,7
DA:64,1
DA:73,6
DA:88,1
DA:118,5
LF:27
LH:27
BRDA:39,0,0,8
BRDA:39,0,1,2
BRDA:39,0,2,2
BRDA:44,1,0,8
BRDA:44,1,1,3
BRDA:48,2,0,8
BRDA:48,2,1,0
BRDA:48,2,2,0
BRDA:48,2,3,0
BRDA:48,2,4,0
BRDA:52,3,0,8
BRDA:52,3,1,7
BRDA:52,3,2,5
BRDA:55,4,0,8
BRDA:55,4,1,7
BRDA:63,5,0,1
BRDA:63,5,1,6
BRDA:111,6,0,3
BRDA:111,6,1,3
BRDA:116,7,0,4
BRDA:116,7,1,2
BRF:21
BRH:17
end_of_record
TN:
SF:src/pages/AdopterRegistrationPage.tsx
FN:4,(anonymous_0)
FNF:1
FNH:1
FNDA:1,(anonymous_0)
DA:4,2
DA:5,1
LF:2
LH:2
BRF:0
BRH:0
end_of_record
TN:
SF:src/pages/AdoptionRegistrationPage.tsx
FN:4,(anonymous_0)
FNF:1
FNH:1
FNDA:1,(anonymous_0)
DA:4,2
DA:5,1
LF:2
LH:2
BRF:0
BRH:0
end_of_record
TN:
SF:src/pages/LandingPage.tsx
FN:5,(anonymous_0)
FN:69,(anonymous_1)
FN:72,(anonymous_2)
FNF:3
FNH:3
FNDA:7,(anonymous_0)
FNDA:42,(anonymous_1)
FNDA:1,(anonymous_2)
DA:5,2
DA:6,7
DA:8,7
DA:59,7
DA:70,42
DA:72,1
LF:6
LH:6
BRDA:72,0,0,1
BRDA:72,0,1,1
BRDA:76,1,0,42
BRDA:76,1,1,0
BRDA:84,2,0,42
BRDA:84,2,1,42
BRF:6
BRH:5
end_of_record
TN:
SF:src/pages/PetHomePage.tsx
FN:8,(anonymous_0)
FN:15,(anonymous_1)
FN:16,(anonymous_2)
FN:31,(anonymous_3)
FN:32,(anonymous_4)
FN:70,(anonymous_5)
FNF:6
FNH:6
FNDA:16,(anonymous_0)
FNDA:7,(anonymous_1)
FNDA:7,(anonymous_2)
FNDA:2,(anonymous_3)
FNDA:2,(anonymous_4)
FNDA:1,(anonymous_5)
DA:8,2
DA:9,16
DA:10,16
DA:11,16
DA:13,16
DA:15,16
DA:16,7
DA:17,7
DA:18,7
DA:19,7
DA:20,7
DA:21,7
DA:23,0
DA:25,7
DA:28,7
DA:31,16
DA:32,2
DA:35,16
DA:71,1
LF:19
LH:18
BRDA:50,0,0,16
BRDA:50,0,1,7
BRDA:56,1,0,16
BRDA:56,1,1,0
BRDA:62,2,0,16
BRDA:62,2,1,9
BRDA:62,2,2,9
BRDA:62,2,3,8
BRDA:77,3,0,1
BRDA:77,3,1,1
BRF:10
BRH:9
end_of_record
TN:
SF:src/pages/ShelterRegistrationPage.tsx
FN:15,(anonymous_0)
FN:43,(anonymous_1)
FN:47,(anonymous_2)
FN:48,(anonymous_3)
FN:59,(anonymous_4)
FN:60,(anonymous_5)
FN:71,(anonymous_6)
FN:75,(anonymous_7)
FN:87,(anonymous_8)
FN:174,(anonymous_9)
FN:288,(anonymous_10)
FN:319,(anonymous_11)
FN:345,(anonymous_12)
FNF:13
FNH:11
FNDA:35,(anonymous_0)
FNDA:0,(anonymous_1)
FNDA:3,(anonymous_2)
FNDA:3,(anonymous_3)
FNDA:3,(anonymous_4)
FNDA:3,(anonymous_5)
FNDA:10,(anonymous_6)
FNDA:10,(anonymous_7)
FNDA:2,(anonymous_8)
FNDA:0,(anonymous_9)
FNDA:1,(anonymous_10)
FNDA:1,(anonymous_11)
FNDA:1,(anonymous_12)
DA:15,2
DA:16,35
DA:17,35
DA:25,35
DA:31,35
DA:32,35
DA:33,35
DA:34,35
DA:35,35
DA:36,35
DA:37,35
DA:38,35
DA:40,35
DA:41,35
DA:43,35
DA:44,0
DA:47,35
DA:48,3
DA:49,3
DA:50,1
DA:51,1
DA:53,2
DA:54,2
DA:55,2
DA:56,2
DA:59,35
DA:60,3
DA:61,3
DA:62,1
DA:63,1
DA:65,2
DA:66,2
DA:67,2
DA:68,2
DA:71,35
DA:72,10
DA:73,10
DA:75,10
DA:79,10
DA:80,3
DA:82,10
DA:83,4
DA:87,35
DA:88,2
DA:91,2
DA:92,0
DA:95,2
DA:96,0
DA:97,0
DA:100,2
DA:101,2
DA:102,2
DA:103,1
DA:104,1
DA:105,1
DA:112,1
DA:114,1
DA:115,1
DA:119,1
DA:120,1
DA:122,2
DA:125,35
DA:174,0
DA:288,1
DA:320,1
DA:321,1
DA:346,1
DA:347,1
LF:68
LH:63
BRDA:41,0,0,35
BRDA:41,0,1,14
BRDA:49,1,0,1
BRDA:49,1,1,2
BRDA:61,2,0,1
BRDA:61,2,1,2
BRDA:73,3,0,0
BRDA:73,3,1,10
BRDA:73,4,0,10
BRDA:73,4,1,1
BRDA:79,5,0,3
BRDA:79,5,1,7
BRDA:82,6,0,4
BRDA:82,6,1,6
BRDA:91,7,0,0
BRDA:91,7,1,2
BRDA:91,8,0,2
BRDA:91,8,1,2
BRDA:95,9,0,0
BRDA:95,9,1,2
BRDA:95,10,0,2
BRDA:95,10,1,2
BRDA:95,10,2,2
BRDA:149,11,0,2
BRDA:149,11,1,33
BRDA:149,12,0,35
BRDA:149,12,1,7
BRDA:149,12,2,34
BRDA:155,13,0,35
BRDA:155,13,1,3
BRDA:158,14,0,35
BRDA:158,14,1,1
BRDA:161,15,0,35
BRDA:161,15,1,7
BRDA:161,15,2,1
BRDA:176,16,0,0
BRDA:176,16,1,35
BRDA:176,17,0,35
BRDA:176,17,1,0
BRDA:194,18,0,35
BRDA:194,18,1,0
BRDA:194,18,2,0
BRDA:212,19,0,2
BRDA:212,19,1,33
BRDA:212,20,0,35
BRDA:212,20,1,6
BRDA:212,20,2,34
BRDA:218,21,0,35
BRDA:218,21,1,2
BRDA:221,22,0,35
BRDA:221,22,1,12
BRDA:221,22,2,11
BRDA:229,23,0,35
BRDA:229,23,1,1
BRDA:232,24,0,35
BRDA:232,24,1,6
BRDA:232,24,2,1
BRDA:298,25,0,2
BRDA:298,25,1,33
BRF:59
BRH:52
end_of_record
TN:
SF:src/pages/TrialCohabitationUpdatePage.tsx
FN:4,(anonymous_0)
FNF:1
FNH:1
FNDA:1,(anonymous_0)
DA:4,2
DA:5,1
LF:2
LH:2
BRF:0
BRH:0
end_of_record
TN:
SF:src/pages/VeterinarianDirectoryPage.tsx
FN:7,VeterinarianDirectoryPage
FNF:1
FNH:1
FNDA:2,VeterinarianDirectoryPage
DA:8,2
DA:10,2
LF:2
LH:2
BRF:0
BRH:0
end_of_record
TN:
SF:src/services/adopterService.ts
FN:11,(anonymous_0)
FN:20,(anonymous_1)
FN:29,(anonymous_2)
FNF:3
FNH:3
FNDA:1,(anonymous_0)
FNDA:1,(anonymous_1)
FNDA:1,(anonymous_2)
DA:4,4
DA:5,4
DA:11,4
DA:12,1
DA:13,1
DA:20,4
DA:21,1
DA:22,1
DA:29,4
DA:30,1
DA:31,1
LF:11
LH:11
BRDA:4,0,0,4
BRDA:4,0,1,4
BRF:2
BRH:2
end_of_record
TN:
SF:src/services/adoptionService.ts
FN:11,(anonymous_0)
FN:20,(anonymous_1)
FN:29,(anonymous_2)
FNF:3
FNH:3
FNDA:1,(anonymous_0)
FNDA:1,(anonymous_1)
FNDA:1,(anonymous_2)
DA:4,4
DA:5,4
DA:11,4
DA:12,1
DA:13,1
DA:20,4
DA:21,1
DA:22,1
DA:29,4
DA:30,1
DA:31,1
LF:11
LH:11
BRDA:4,0,0,4
BRDA:4,0,1,4
BRF:2
BRH:2
end_of_record
TN:
SF:src/services/petService.ts
FN:13,(anonymous_0)
FNF:1
FNH:1
FNDA:2,(anonymous_0)
DA:4,3
DA:5,3
DA:13,3
DA:15,2
DA:21,2
LF:5
LH:5
BRDA:4,0,0,3
BRDA:4,0,1,3
BRF:2
BRH:2
end_of_record
TN:
SF:src/services/shelterService.ts
FN:7,(anonymous_0)
FN:12,(anonymous_1)
FN:22,(anonymous_2)
FNF:3
FNH:3
FNDA:1,(anonymous_0)
FNDA:3,(anonymous_1)
FNDA:3,(anonymous_2)
DA:4,3
DA:5,3
DA:7,3
DA:8,1
DA:9,1
DA:12,3
DA:13,3
DA:14,3
DA:15,2
DA:17,1
DA:18,1
DA:22,3
DA:23,3
DA:24,3
DA:25,2
DA:27,1
DA:28,1
LF:17
LH:17
BRDA:4,0,0,3
BRDA:4,0,1,3
BRF:2
BRH:2
end_of_record
TN:
SF:src/services/trialCohabitationService.ts
FN:11,(anonymous_0)
FN:20,(anonymous_1)
FN:30,(anonymous_2)
FNF:3
FNH:3
FNDA:1,(anonymous_0)
FNDA:1,(anonymous_1)
FNDA:1,(anonymous_2)
DA:4,4
DA:5,4
DA:11,4
DA:12,1
DA:13,1
DA:20,4
DA:21,1
DA:22,1
DA:30,4
DA:34,1
DA:35,1
LF:11
LH:11
BRDA:4,0,0,4
BRDA:4,0,1,4
BRF:2
BRH:2
end_of_record
TN:
SF:src/services/veterinarianService.ts
FN:7,(anonymous_0)
FN:12,(anonymous_1)
FNF:2
FNH:2
FNDA:1,(anonymous_0)
FNDA:1,(anonymous_1)
DA:4,4
DA:5,4
DA:7,4
DA:8,1
DA:9,1
DA:12,4
DA:13,1
DA:14,1
LF:8
LH:8
BRDA:4,0,0,4
BRDA:4,0,1,4
BRF:2
BRH:2
end_of_record
TN:
SF:src/types/adopter.ts
FNF:0
FNH:0
LF:0
LH:0
BRF:0
BRH:0
end_of_record
TN:
SF:src/types/adoption.ts
FNF:0
FNH:0
LF:0
LH:0
BRF:0
BRH:0
end_of_record
TN:
SF:src/types/pet.ts
FNF:0
FNH:0
LF:0
LH:0
BRF:0
BRH:0
end_of_record
TN:
SF:src/types/shelter.ts
FNF:0
FNH:0
LF:0
LH:0
BRF:0
BRH:0
end_of_record
TN:
SF:src/types/trialCohabitation.ts
FNF:0
FNH:0
LF:0
LH:0
BRF:0
BRH:0
end_of_record
TN:
SF:src/types/veterinarian.ts
FNF:0
FNH:0
LF:0
LH:0
BRF:0
BRH:0
end_of_record
